<?xml version="1.0" encoding="UTF-8"?>
<!-- Generated by org.testng.reporters.JUnitReportReporter -->
<testsuite hostname="FVFHXHU3Q6LR" failures="0" tests="7" name="com.fitpeo.testcases.RevenueCalcTest" time="57.934" errors="0" timestamp="2024-11-27T12:08:35 IST" skipped="0">
  <testcase classname="com.fitpeo.testcases.RevenueCalcTest" name="navigateTOFitpeoHomePage" time="5.804"/>
  <testcase classname="com.fitpeo.testcases.RevenueCalcTest" name="navigateTORevnueCalcPage" time="21.593"/>
  <testcase classname="com.fitpeo.testcases.RevenueCalcTest" name="valdateNavigateToSliderSection" time="2.388"/>
  <testcase classname="com.fitpeo.testcases.RevenueCalcTest" name="validateAdjustTheSlider" time="5.420"/>
  <testcase classname="com.fitpeo.testcases.RevenueCalcTest" name="validateSliderTextFiled" time="9.938"/>
  <testcase classname="com.fitpeo.testcases.RevenueCalcTest" name="validateSelectCPTCodes" time="4.550"/>
  <testcase classname="com.fitpeo.testcases.RevenueCalcTest" name="validateTotalrecurringAmnt" time="8.241"/>
</testsuite> <!-- com.fitpeo.testcases.RevenueCalcTest -->
